d:\study\fmi\1 курс\2 семестър\ооп практикум\hw_71710_praktikum\hw_71710_praktikum\debug\hw_71710_praktikum.pch
d:\study\fmi\1 курс\2 семестър\ооп практикум\hw_71710_praktikum\hw_71710_praktikum\debug\vc141.pdb
d:\study\fmi\1 курс\2 семестър\ооп практикум\hw_71710_praktikum\hw_71710_praktikum\debug\vc141.idb
d:\study\fmi\1 курс\2 семестър\ооп практикум\hw_71710_praktikum\hw_71710_praktikum\debug\stdafx.obj
d:\study\fmi\1 курс\2 семестър\ооп практикум\hw_71710_praktikum\hw_71710_praktikum\debug\motorcycle.obj
d:\study\fmi\1 курс\2 семестър\ооп практикум\hw_71710_praktikum\hw_71710_praktikum\debug\string.obj
d:\study\fmi\1 курс\2 семестър\ооп практикум\hw_71710_praktikum\hw_71710_praktikum\debug\trailer.obj
d:\study\fmi\1 курс\2 семестър\ооп практикум\hw_71710_praktikum\hw_71710_praktikum\debug\truck.obj
d:\study\fmi\1 курс\2 семестър\ооп практикум\hw_71710_praktikum\hw_71710_praktikum\debug\vehicle.obj
d:\study\fmi\1 курс\2 семестър\ооп практикум\hw_71710_praktikum\hw_71710_praktikum\debug\car.obj
d:\study\fmi\1 курс\2 семестър\ооп практикум\hw_71710_praktikum\hw_71710_praktikum\debug\hw_71710_praktikum.obj
d:\study\fmi\1 курс\2 семестър\ооп практикум\hw_71710_praktikum\debug\hw_71710_praktikum.pdb
d:\study\fmi\1 курс\2 семестър\ооп практикум\hw_71710_praktikum\hw_71710_praktikum\debug\hw_71710.9e444de2.tlog\cl.command.1.tlog
d:\study\fmi\1 курс\2 семестър\ооп практикум\hw_71710_praktikum\hw_71710_praktikum\debug\hw_71710.9e444de2.tlog\cl.read.1.tlog
d:\study\fmi\1 курс\2 семестър\ооп практикум\hw_71710_praktikum\hw_71710_praktikum\debug\hw_71710.9e444de2.tlog\cl.write.1.tlog
d:\study\fmi\1 курс\2 семестър\ооп практикум\hw_71710_praktikum\hw_71710_praktikum\debug\hw_71710.9e444de2.tlog\link-cvtres.read.1.tlog
d:\study\fmi\1 курс\2 семестър\ооп практикум\hw_71710_praktikum\hw_71710_praktikum\debug\hw_71710.9e444de2.tlog\link-cvtres.write.1.tlog
d:\study\fmi\1 курс\2 семестър\ооп практикум\hw_71710_praktikum\hw_71710_praktikum\debug\hw_71710.9e444de2.tlog\link-rc.read.1.tlog
d:\study\fmi\1 курс\2 семестър\ооп практикум\hw_71710_praktikum\hw_71710_praktikum\debug\hw_71710.9e444de2.tlog\link-rc.write.1.tlog
d:\study\fmi\1 курс\2 семестър\ооп практикум\hw_71710_praktikum\hw_71710_praktikum\debug\hw_71710.9e444de2.tlog\link.13168-cvtres.read.1.tlog
d:\study\fmi\1 курс\2 семестър\ооп практикум\hw_71710_praktikum\hw_71710_praktikum\debug\hw_71710.9e444de2.tlog\link.13168-cvtres.write.1.tlog
d:\study\fmi\1 курс\2 семестър\ооп практикум\hw_71710_praktikum\hw_71710_praktikum\debug\hw_71710.9e444de2.tlog\link.13168-rc.read.1.tlog
d:\study\fmi\1 курс\2 семестър\ооп практикум\hw_71710_praktikum\hw_71710_praktikum\debug\hw_71710.9e444de2.tlog\link.13168-rc.write.1.tlog
d:\study\fmi\1 курс\2 семестър\ооп практикум\hw_71710_praktikum\hw_71710_praktikum\debug\hw_71710.9e444de2.tlog\link.13168.read.1.tlog
d:\study\fmi\1 курс\2 семестър\ооп практикум\hw_71710_praktikum\hw_71710_praktikum\debug\hw_71710.9e444de2.tlog\link.13168.write.1.tlog
d:\study\fmi\1 курс\2 семестър\ооп практикум\hw_71710_praktikum\hw_71710_praktikum\debug\hw_71710.9e444de2.tlog\link.command.1.tlog
d:\study\fmi\1 курс\2 семестър\ооп практикум\hw_71710_praktikum\hw_71710_praktikum\debug\hw_71710.9e444de2.tlog\link.read.1.tlog
d:\study\fmi\1 курс\2 семестър\ооп практикум\hw_71710_praktikum\hw_71710_praktikum\debug\hw_71710.9e444de2.tlog\link.write.1.tlog
